<?xml version="1.0" encoding="UTF-8"?>
<!-- Generated by org.testng.reporters.JUnitReportReporter -->
<testsuite hostname="LAPTOP-QSHCAEOT" name="jenkinsDemo.gmailLogin" tests="1" failures="0" timestamp="9 Aug 2018 00:59:09 GMT" time="32.655" errors="0">
  <testcase name="test" time="32.655" classname="jenkinsDemo.gmailLogin"/>
</testsuite> <!-- jenkinsDemo.gmailLogin -->
